<?xml version="1.0" encoding="UTF-8"?>
<!-- Generated by org.testng.reporters.JUnitXMLReporter -->
<testsuite ignored="2" hostname="DESKTOP-M1PVVOC" failures="0" tests="1" name="Page Object Model Project" time="0.017" errors="0" timestamp="2023-07-20T14:44:16 IST">
  <testcase classname="edureka.tests.TestBase" name="@BeforeSuite initialize" time="0.055">
    <failure type="org.openqa.selenium.remote.NoSuchDriverException" message="chromedriver located at C:\Users\palri\eclipse\java-2023-03\eclipse\CoreJavaConcepts\SeleniumAutomation1\Driver\chromedriver.exe, but invalid
For documentation on this error, please visit: https://www.selenium.dev/documentation/webdriver/troubleshooting/errors/driver_location/
Build info: version: &amp;apos;4.10.0&amp;apos;, revision: &amp;apos;c14d967899&amp;apos;
System info: os.name: &amp;apos;Windows 11&amp;apos;, os.arch: &amp;apos;amd64&amp;apos;, os.version: &amp;apos;10.0&amp;apos;, java.version: &amp;apos;20.0.1&amp;apos;
Driver info: driver.version: ChromeDriver">
      <![CDATA[org.openqa.selenium.remote.NoSuchDriverException: chromedriver located at C:\Users\palri\eclipse\java-2023-03\eclipse\CoreJavaConcepts\SeleniumAutomation1\Driver\chromedriver.exe, but invalid
For documentation on this error, please visit: https://www.selenium.dev/documentation/webdriver/troubleshooting/errors/driver_location/
Build info: version: '4.10.0', revision: 'c14d967899'
System info: os.name: 'Windows 11', os.arch: 'amd64', os.version: '10.0', java.version: '20.0.1'
Driver info: driver.version: ChromeDriver
at org.openqa.selenium.remote.service.DriverFinder.getPath(DriverFinder.java:45)
at org.openqa.selenium.chrome.ChromeDriver.generateExecutor(ChromeDriver.java:98)
at org.openqa.selenium.chrome.ChromeDriver.<init>(ChromeDriver.java:87)
at org.openqa.selenium.chrome.ChromeDriver.<init>(ChromeDriver.java:82)
at org.openqa.selenium.chrome.ChromeDriver.<init>(ChromeDriver.java:50)
at edureka.tests.TestBase.initialize(TestBase.java:15)
... Removed 17 stack frames]]>
    </failure>
  </testcase> <!-- @BeforeSuite initialize -->
  <testcase classname="edureka.tests.LoginTest" name="init" time="0.0">
    <skipped/>
  </testcase> <!-- init -->
  <testcase classname="edureka.tests.TestBase" name="@BeforeSuite initialize" time="0.0">
    <ignored/>
  </testcase> <!-- @BeforeSuite initialize -->
  <testcase classname="edureka.tests.TestBase" name="@AfterSuite TeardownTest" time="0.0">
    <ignored/>
  </testcase> <!-- @AfterSuite TeardownTest -->
</testsuite> <!-- Page Object Model Project -->
