<?xml version="1.0" encoding="UTF-8"?>
<!-- Generated by org.testng.reporters.JUnitXMLReporter -->
<testsuite ignored="0" hostname="DESKTOP-ILC4HTB" failures="1" tests="1" name="Test" time="11.172" errors="0" timestamp="2023-06-12T10:53:19 IST">
  <testcase classname="com.expenseondemand.test_Scripts.DeleteTestDataFromEOD" name="del_Test_Data" time="6.636">
    <failure type="org.openqa.selenium.NoSuchElementException" message="Cannot locate an element using xpath=//body/app[1]/section[1]/ng-component[1]/div[5]/div[1]/div[3]/span[1]/button[1]
For documentation on this error, please visit: https://www.seleniumhq.org/exceptions/no_such_element.html
Build info: version: &amp;apos;3.141.59&amp;apos;, revision: &amp;apos;e82be7d358&amp;apos;, time: &amp;apos;2018-11-14T08:17:03&amp;apos;
System info: host: &amp;apos;DESKTOP-ILC4HTB&amp;apos;, ip: &amp;apos;192.168.1.87&amp;apos;, os.name: &amp;apos;Windows 11&amp;apos;, os.arch: &amp;apos;amd64&amp;apos;, os.version: &amp;apos;10.0&amp;apos;, java.version: &amp;apos;17.0.5&amp;apos;
Driver info: driver.version: RemoteWebDriver">
      <![CDATA[org.openqa.selenium.NoSuchElementException: Cannot locate an element using xpath=//body/app[1]/section[1]/ng-component[1]/div[5]/div[1]/div[3]/span[1]/button[1]
For documentation on this error, please visit: https://www.seleniumhq.org/exceptions/no_such_element.html
Build info: version: '3.141.59', revision: 'e82be7d358', time: '2018-11-14T08:17:03'
System info: host: 'DESKTOP-ILC4HTB', ip: '192.168.1.87', os.name: 'Windows 11', os.arch: 'amd64', os.version: '10.0', java.version: '17.0.5'
Driver info: driver.version: RemoteWebDriver
at org.openqa.selenium.remote.RemoteWebDriver.findElement(RemoteWebDriver.java:327)
at org.openqa.selenium.remote.RemoteWebDriver.findElementByXPath(RemoteWebDriver.java:428)
at org.openqa.selenium.By$ByXPath.findElement(By.java:353)
at org.openqa.selenium.remote.RemoteWebDriver.findElement(RemoteWebDriver.java:315)
at com.expenseondemand.pomrepository.Home.getLogOut(Home.java:33)
at com.expenseondemand.test_Scripts.DeleteTestDataFromEOD.del_Test_Data(DeleteTestDataFromEOD.java:18)
at java.base/java.util.ArrayList.forEach(ArrayList.java:1511)
... Removed 27 stack frames]]>
    </failure>
  </testcase> <!-- del_Test_Data -->
</testsuite> <!-- Test -->
